Build started 13.07.2017 22:21:56.
     1>Project "C:\Users\Wojciech Lis\Desktop\github projects\DynaBlaster\DynaBlaster\DynaBlaster.vcxproj" on node 2 (Rebuild target(s)).
     1>ClCompile:
         C:\Program Files (x86)\Microsoft Visual Studio 12.0\VC\bin\CL.exe /c /I"..\SFML-2.3\include" /Zi /nologo /W3 /WX- /O2 /Oi /Oy- /GL /D SFML_STATIC /D WIN32 /D NDEBUG /D _CONSOLE /D _LIB /D _UNICODE /D UNICODE /Gm- /EHsc /MD /GS /Gy /fp:precise /Zc:wchar_t /Zc:forScope /Fo"Release\\" /Fd"Release\vc120.pdb" /Gd /TP /analyze- /errorReport:prompt Bomb.cpp Engine.cpp EngineObject.cpp Explosion.cpp Game.cpp main.cpp Player.cpp
         Bomb.cpp
         Engine.cpp
         EngineObject.cpp
         Explosion.cpp
         Game.cpp
     1>Game.cpp(107): warning C4244: 'argument' : conversion from 'int' to 'float', possible loss of data
     1>Game.cpp(367): warning C4244: 'argument' : conversion from 'int' to 'float', possible loss of data
     1>Game.cpp(411): warning C4996: 'sprintf': This function or variable may be unsafe. Consider using sprintf_s instead. To disable deprecation, use _CRT_SECURE_NO_WARNINGS. See online help for details.
                 C:\Program Files (x86)\Microsoft Visual Studio 12.0\VC\include\stdio.h(356) : see declaration of 'sprintf'
     1>Game.cpp(413): warning C4244: 'argument' : conversion from 'int' to 'float', possible loss of data
         main.cpp
         Player.cpp
     1>Player.cpp(20): warning C4305: '=' : truncation from 'double' to 'float'
       Link:
         C:\Program Files (x86)\Microsoft Visual Studio 12.0\VC\bin\link.exe /ERRORREPORT:PROMPT /OUT:"C:\Users\Wojciech Lis\Desktop\github projects\DynaBlaster\Release\DynaBlaster.exe" /INCREMENTAL:NO /NOLOGO /LIBPATH:"..\SFML-2.3\lib" freetype.lib jpeg.lib gdi32.lib opengl32.lib winmm.lib "sfml-graphics-s.lib" "sfml-window-s.lib" "sfml-system-s.lib" kernel32.lib user32.lib gdi32.lib winspool.lib comdlg32.lib advapi32.lib shell32.lib ole32.lib oleaut32.lib uuid.lib odbc32.lib odbccp32.lib kernel32.lib user32.lib gdi32.lib winspool.lib comdlg32.lib advapi32.lib shell32.lib ole32.lib oleaut32.lib uuid.lib odbc32.lib odbccp32.lib /MANIFEST /MANIFESTUAC:"level='asInvoker' uiAccess='false'" /manifest:embed /DEBUG /PDB:"C:\Users\Wojciech Lis\Desktop\github projects\DynaBlaster\Release\DynaBlaster.pdb" /SUBSYSTEM:CONSOLE /OPT:REF /OPT:ICF /LTCG /TLBID:1 /DYNAMICBASE /NXCOMPAT /IMPLIB:"C:\Users\Wojciech Lis\Desktop\github projects\DynaBlaster\Release\DynaBlaster.lib" /MACHINE:X86 /SAFESEH Release\Bomb.obj
         Release\Engine.obj
         Release\EngineObject.obj
         Release\Explosion.obj
         Release\Game.obj
         Release\main.obj
         Release\Player.obj
         Generating code
         Finished generating code
         DynaBlaster.vcxproj -> C:\Users\Wojciech Lis\Desktop\github projects\DynaBlaster\Release\DynaBlaster.exe
     1>Done Building Project "C:\Users\Wojciech Lis\Desktop\github projects\DynaBlaster\DynaBlaster\DynaBlaster.vcxproj" (Rebuild target(s)).

Build succeeded.

Time Elapsed 00:00:05.74
