Build started 13.07.2017 22:20:44.
     1>Project "C:\Users\Wojciech Lis\Desktop\github projects\DynaBlaster\DynaBlaster\DynaBlaster.vcxproj" on node 2 (Rebuild target(s)).
     1>ClCompile:
         C:\Program Files (x86)\Microsoft Visual Studio 12.0\VC\bin\CL.exe /c /I"..\SFML-2.3\include" /ZI /nologo /W3 /WX- /Od /Oy- /D WIN32 /D _DEBUG /D _CONSOLE /D _LIB /D _UNICODE /D UNICODE /Gm /EHsc /RTC1 /MDd /GS /fp:precise /Zc:wchar_t /Zc:forScope /Fo"Debug\\" /Fd"Debug\vc120.pdb" /Gd /TP /analyze- /errorReport:prompt Bomb.cpp Engine.cpp EngineObject.cpp Explosion.cpp Game.cpp main.cpp Player.cpp
         Player.cpp
     1>c:\users\wojciech lis\desktop\github projects\dynablaster\dynablaster\player.cpp(20): warning C4305: '=' : truncation from 'double' to 'float'
         main.cpp
         Game.cpp
     1>c:\users\wojciech lis\desktop\github projects\dynablaster\dynablaster\game.cpp(107): warning C4244: 'argument' : conversion from 'int' to 'float', possible loss of data
     1>c:\users\wojciech lis\desktop\github projects\dynablaster\dynablaster\game.cpp(367): warning C4244: 'argument' : conversion from 'int' to 'float', possible loss of data
     1>c:\users\wojciech lis\desktop\github projects\dynablaster\dynablaster\game.cpp(411): warning C4996: 'sprintf': This function or variable may be unsafe. Consider using sprintf_s instead. To disable deprecation, use _CRT_SECURE_NO_WARNINGS. See online help for details.
                 c:\program files (x86)\microsoft visual studio 12.0\vc\include\stdio.h(356) : see declaration of 'sprintf'
     1>c:\users\wojciech lis\desktop\github projects\dynablaster\dynablaster\game.cpp(413): warning C4244: 'argument' : conversion from 'int' to 'float', possible loss of data
         Explosion.cpp
         EngineObject.cpp
         Engine.cpp
         Bomb.cpp
         Generating Code...
       Link:
         C:\Program Files (x86)\Microsoft Visual Studio 12.0\VC\bin\link.exe /ERRORREPORT:PROMPT /OUT:"C:\Users\Wojciech Lis\Desktop\github projects\DynaBlaster\Debug\DynaBlaster.exe" /INCREMENTAL /NOLOGO /LIBPATH:"..\SFML-2.3\lib" "sfml-graphics-d.lib" "sfml-window-d.lib" "sfml-system-d.lib" kernel32.lib user32.lib gdi32.lib winspool.lib comdlg32.lib advapi32.lib shell32.lib ole32.lib oleaut32.lib uuid.lib odbc32.lib odbccp32.lib kernel32.lib user32.lib gdi32.lib winspool.lib comdlg32.lib advapi32.lib shell32.lib ole32.lib oleaut32.lib uuid.lib odbc32.lib odbccp32.lib /MANIFEST /MANIFESTUAC:"level='asInvoker' uiAccess='false'" /manifest:embed /DEBUG /PDB:"C:\Users\Wojciech Lis\Desktop\github projects\DynaBlaster\Debug\DynaBlaster.pdb" /SUBSYSTEM:CONSOLE /TLBID:1 /DYNAMICBASE /NXCOMPAT /IMPLIB:"C:\Users\Wojciech Lis\Desktop\github projects\DynaBlaster\Debug\DynaBlaster.lib" /MACHINE:X86 Debug\Bomb.obj
         Debug\Engine.obj
         Debug\EngineObject.obj
         Debug\Explosion.obj
         Debug\Game.obj
         Debug\main.obj
         Debug\Player.obj
         DynaBlaster.vcxproj -> C:\Users\Wojciech Lis\Desktop\github projects\DynaBlaster\Debug\DynaBlaster.exe
     1>Done Building Project "C:\Users\Wojciech Lis\Desktop\github projects\DynaBlaster\DynaBlaster\DynaBlaster.vcxproj" (Rebuild target(s)).

Build succeeded.

Time Elapsed 00:00:05.53
